
ROM used:   1251/8192 (15%)
            1251/8192 (15%) including unused fragments

            0.4 Average locations per line
            2.2 Average locations per statement

RAM used:   44/368 (12%) at main() level
            87/368 (24%) worst case

Stack used: 5 worst case (3 in main + 2 for interrupts)
Stack size: 8

Lines Stmts  %   Files
----- ----- ---  -----
   77    28   5  dieu khien vi tri.c
  768     0   0  C:\Program Files\PICC\Devices\16f887.h
 1351   359  64  C:\Program Files\PICC\Drivers\stdlib.h
   32     0   0  C:\Program Files\PICC\Drivers\stddef.h
  423   125  22  C:\Program Files\PICC\Drivers\string.h
   28     0   0  C:\Program Files\PICC\Drivers\ctype.h
  108    50   9  lcd.c
    8     0   0  var.h
----- -----
 2795   562 Total

Page ROM  %  RAM   Vol Diff  Functions:
---- --- --- ---   --- ----  ----------
0     20   2    1             @delay_ms1
 Inline         6             @MULS1616
 Inline        11  1817 10.4  atol
 Inline        27  1075 11.2  itoa
 Inline        13             @MUL3232
0    122  10   14             @DIVS3232
 Inline         5             @DIV1616
 Inline         5             @MUL1616
0     12   1    0    72  1.2  LCD_Enable
0     39   3    2   226  2.8  LCD_Send4Bit
0     13   1    2    84  1.7  LCD_SendCommand
0     49   4    0   508  1.4  LCD_Init
0     25   2    3   214  5.0  LCD_Gotoxy
 Inline         1    65  1.2  LCD_PutChar
0     33   3    3    69  2.3  LCD_Puts
0    420  34    3   279  4.6  interrupts_rs232
0    293  23    0    63  2.3  interrupts_ccp2
0    132  11    2   476  5.2  MAIN
 Inline         1             @SPRINTF
0     35   3    2             @PSTRINGR_925
 Inline         0             @cinit1

Program metrics:
    Functions               12
    Statements              562
    Comments                942
    Volume (V)              7464
    Difficulty (D)          48.8
    Effort to implement (E) 364180
    Time to implement (T)   5 hours, 37 minutes
    Est Delivered Bugs (B)  2
    Cyclomatic Complexity   16
    Maintainability (MI)    121

 Segment     Used  Free
-----------  ----  ----
00000-00003     4  0  
00004-00039    54  0  
0003A-007FF  1193  797  
00800-00FFF     0  2048  
01000-017FF     0  2048  
01800-01FFF     0  2048  



