
ROM used:   2576/8192 (31%)
            2631/8192 (32%) including unused fragments

            0.9 Average locations per line
            4.4 Average locations per statement

RAM used:   96/368 (26%) at main() level
            155/368 (42%) worst case

Stack used: 6 worst case (3 in main + 3 for interrupts)
Stack size: 8

Lines Stmts  %   Files
----- ----- ---  -----
  110    49   8  xoa.c
  768     0   0  C:\Program Files\PICC\Devices\16f887.h
 1351   359  62  C:\Program Files\PICC\Drivers\stdlib.h
   32     0   0  C:\Program Files\PICC\Drivers\stddef.h
  423   125  21  C:\Program Files\PICC\Drivers\string.h
   28     0   0  C:\Program Files\PICC\Drivers\ctype.h
  108    50   9  lcd.c
    8     0   0  var.h
----- -----
 2828   583 Total

Page ROM  %  RAM   Vol Diff  Functions:
---- --- --- ---   --- ----  ----------
0     20   1    1             @delay_ms1
0    119   5   13             @MULFF
 Inline         2             @ITOF
0    326  13   16             @ADDFF
0    204   8   14             @DIVFF
 Inline        27  1075 11.2  itoa
 Inline        13             @MUL3232
0    124   5   14             @DIVS3232
0     12   0    0    72  1.2  LCD_Enable
0     55   2    2   226  2.8  LCD_Send4Bit
0     17   1    2    84  1.7  LCD_SendCommand
0    121   5    0   508  1.4  LCD_Init
 Inline         3   214  5.0  LCD_Gotoxy
 Inline         1    65  1.2  LCD_PutChar
 Inline         3    69  2.3  LCD_Puts
0     42   2    0   121  2.2  ngat_EXT
 Inline         3             @DIV88
0    819  32    4   706  6.1  ngat_timer0
 Inline         1             @SPRINTF
 Inline         2             @PSTRINGR_937
0     65   3   10             @FLT
 Inline         4             @SFTOI
0      6   0    0    27  1.5  ngat_CCP2
1    583  23    8   617  5.2  MAIN
 Inline         0             @cinit1

Program metrics:
    Functions               12
    Statements              583
    Comments                948
    Volume (V)              5916
    Difficulty (D)          40.9
    Effort to implement (E) 241710
    Time to implement (T)   3 hours, 44 minutes
    Est Delivered Bugs (B)  1
    Cyclomatic Complexity   8
    Maintainability (MI)    122

 Segment     Used  Free
-----------  ----  ----
00000-00003     4  0  
00004-0003E    59  0  
0003F-007FF  1930  55  
00800-00FFF   583  1465  
01000-017FF     0  2048  
01800-01FFF     0  2048  



